2025/12/13 15:00:20 Serving web client from ./web
2025/12/13 15:00:20 Server starting on :8080
2025/12/13 15:00:23 WebSocket upgrade request from origin: http://localhost:8001
2025/12/13 15:00:23 Player 20251213150023ya2umm connected
2025/12/13 15:00:41 SERVER: Received message type=create_room from player 20251213150023ya2umm
2025/12/13 15:00:41 Player 20251213150023ya2umm created room 20251213150041uyyqqi for game yahtzee (Players: 1/20)
2025/12/13 15:00:44 SERVER: Received message type=create_room from player 20251213150023ya2umm
2025/12/13 15:00:44 Player 20251213150023ya2umm leaving old room 20251213150041uyyqqi to create new room
2025/12/13 15:00:44 Before removal: Room 20251213150041uyyqqi has 1 players
2025/12/13 15:00:44 Removing player 20251213150023ya2umm from room 20251213150041uyyqqi
2025/12/13 15:00:44 After removal: Room 20251213150041uyyqqi has 0 players
2025/12/13 15:00:44 Room 20251213150041uyyqqi deleted (empty)
2025/12/13 15:05:00 WebSocket upgrade request from origin: http://localhost:8001
2025/12/13 15:31:40 WebSocket upgrade request from origin: http://localhost:8001
2025/12/13 15:38:08 WebSocket upgrade request from origin: http://localhost:8001
2025/12/13 15:40:10 WebSocket upgrade request from origin: http://localhost:8001
2025/12/13 15:40:42 WebSocket upgrade request from origin: http://localhost:8001
2025/12/13 15:41:42 WebSocket upgrade request from origin: http://localhost:8001
2025/12/13 15:44:21 WebSocket upgrade request from origin: http://localhost:8001
2025/12/13 15:46:57 WebSocket upgrade request from origin: http://localhost:8001
2025/12/13 15:48:52 WebSocket upgrade request from origin: http://localhost:8001
2025/12/13 15:53:03 WebSocket upgrade request from origin: http://localhost:8001
